2018-06-26 13:12:20.6737||DEBUG|BookingApp3.Program|init main 
2018-06-26 13:12:23.7215||INFO|Microsoft.AspNetCore.DataProtection.KeyManagement.XmlKeyManager|User profile is available. Using 'C:\Users\User\AppData\Local\ASP.NET\DataProtection-Keys' as key repository and Windows DPAPI to encrypt keys at rest. 
2018-06-26 13:12:24.4921|1|INFO|Microsoft.AspNetCore.Hosting.Internal.WebHost|Request starting HTTP/1.1 GET http://localhost:57055/api/values   
2018-06-26 13:12:24.8735|1|INFO|Microsoft.AspNetCore.Mvc.Internal.ControllerActionInvoker|Executing action method BookingApp3.Controllers.ValuesController.Get (BookingApp3) with arguments ((null)) - ModelState is Valid 
2018-06-26 13:12:24.9346||INFO|BookingApp3.Controllers.ValuesController|Hello 
2018-06-26 13:12:24.9534||INFO|BookingApp3.Controllers.ValuesController|BookingApp3, Version=1.0.0.0, Culture=neutral, PublicKeyToken=null 
2018-06-26 13:12:24.9534||INFO|BookingApp3.Controllers.ValuesController|Sealed Class : <>f__AnonymousType0`1 
2018-06-26 13:12:24.9677||INFO|BookingApp3.Controllers.ValuesController|Non-Public Method : get_id 
2018-06-26 13:12:25.0349||INFO|BookingApp3.Controllers.ValuesController|Non-Public Method : Equals 
2018-06-26 13:12:25.0349||INFO|BookingApp3.Controllers.ValuesController|Non-Public Method : GetHashCode 
2018-06-26 13:12:25.0534||INFO|BookingApp3.Controllers.ValuesController|Non-Public Method : ToString 
2018-06-26 13:12:25.0619||INFO|BookingApp3.Controllers.ValuesController|Non-Public Method : GetType 
2018-06-26 13:12:25.0619||INFO|BookingApp3.Controllers.ValuesController|Sealed Class : <>f__AnonymousType1`3 
2018-06-26 13:12:25.0815||INFO|BookingApp3.Controllers.ValuesController|Non-Public Method : get_id 
2018-06-26 13:12:25.0815||INFO|BookingApp3.Controllers.ValuesController|Non-Public Method : get_auth_token 
2018-06-26 13:12:25.0940||INFO|BookingApp3.Controllers.ValuesController|Non-Public Method : get_expires_in 
2018-06-26 13:12:25.0940||INFO|BookingApp3.Controllers.ValuesController|Non-Public Method : Equals 
2018-06-26 13:12:25.1075||INFO|BookingApp3.Controllers.ValuesController|Non-Public Method : GetHashCode 
2018-06-26 13:12:25.1075||INFO|BookingApp3.Controllers.ValuesController|Non-Public Method : ToString 
2018-06-26 13:12:25.1075||INFO|BookingApp3.Controllers.ValuesController|Non-Public Method : GetType 
2018-06-26 13:12:25.1243||INFO|BookingApp3.Controllers.ValuesController|Public Class : Program 
2018-06-26 13:12:25.1243||INFO|BookingApp3.Controllers.ValuesController|Public Method : Main 
2018-06-26 13:12:25.1372||INFO|BookingApp3.Controllers.ValuesController|Public Method : BuildWebHost 
2018-06-26 13:12:25.1372||INFO|BookingApp3.Controllers.ValuesController|Public Method : ToString 
2018-06-26 13:12:25.1372||INFO|BookingApp3.Controllers.ValuesController|Public Method : Equals 
2018-06-26 13:12:25.1541||INFO|BookingApp3.Controllers.ValuesController|Public Method : GetHashCode 
2018-06-26 13:12:25.1541||INFO|BookingApp3.Controllers.ValuesController|Public Method : GetType 
2018-06-26 13:12:25.1541||INFO|BookingApp3.Controllers.ValuesController|Public Class : Startup 
2018-06-26 13:12:25.1708||INFO|BookingApp3.Controllers.ValuesController|Public Method : get_Configuration 
2018-06-26 13:12:25.1708||INFO|BookingApp3.Controllers.ValuesController|Public Method : ConfigureServices 
2018-06-26 13:12:25.1708||INFO|BookingApp3.Controllers.ValuesController|Public Method : Configure 
2018-06-26 13:12:25.1869||INFO|BookingApp3.Controllers.ValuesController|Public Method : ToString 
2018-06-26 13:12:25.1869||INFO|BookingApp3.Controllers.ValuesController|Public Method : Equals 
2018-06-26 13:12:25.1869||INFO|BookingApp3.Controllers.ValuesController|Public Method : GetHashCode 
2018-06-26 13:12:25.2058||INFO|BookingApp3.Controllers.ValuesController|Public Method : GetType 
2018-06-26 13:12:25.2058||INFO|BookingApp3.Controllers.ValuesController|Public Class : aContext 
2018-06-26 13:12:25.2207||INFO|BookingApp3.Controllers.ValuesController|Public Method : get_Assets 
2018-06-26 13:12:25.2207||INFO|BookingApp3.Controllers.ValuesController|Public Method : set_Assets 
2018-06-26 13:12:25.2375||INFO|BookingApp3.Controllers.ValuesController|Public Method : get_Owner 
2018-06-26 13:12:25.2516||INFO|BookingApp3.Controllers.ValuesController|Public Method : set_Owner 
2018-06-26 13:12:25.2516||INFO|BookingApp3.Controllers.ValuesController|Public Method : get_Room 
2018-06-26 13:12:25.2675||INFO|BookingApp3.Controllers.ValuesController|Public Method : set_Room 
2018-06-26 13:12:25.2675||INFO|BookingApp3.Controllers.ValuesController|Public Method : get_Database 
2018-06-26 13:12:25.2786||INFO|BookingApp3.Controllers.ValuesController|Public Method : get_ChangeTracker 
2018-06-26 13:12:25.2786||INFO|BookingApp3.Controllers.ValuesController|Public Method : get_Model 
2018-06-26 13:12:25.2786||INFO|BookingApp3.Controllers.ValuesController|Public Method : Set 
2018-06-26 13:12:25.3073||INFO|BookingApp3.Controllers.ValuesController|Public Method : Query 
2018-06-26 13:12:25.3176||INFO|BookingApp3.Controllers.ValuesController|Public Method : SaveChanges 
2018-06-26 13:12:25.3176||INFO|BookingApp3.Controllers.ValuesController|Public Method : SaveChanges 
2018-06-26 13:12:25.3354||INFO|BookingApp3.Controllers.ValuesController|Public Method : SaveChangesAsync 
2018-06-26 13:12:25.3531||INFO|BookingApp3.Controllers.ValuesController|Public Method : SaveChangesAsync 
2018-06-26 13:12:25.3620||INFO|BookingApp3.Controllers.ValuesController|Public Method : Dispose 
2018-06-26 13:12:25.3620||INFO|BookingApp3.Controllers.ValuesController|Public Method : Entry 
2018-06-26 13:12:25.3721||INFO|BookingApp3.Controllers.ValuesController|Public Method : Entry 
2018-06-26 13:12:25.3721||INFO|BookingApp3.Controllers.ValuesController|Public Method : Add 
2018-06-26 13:12:25.3721||INFO|BookingApp3.Controllers.ValuesController|Public Method : AddAsync 
2018-06-26 13:12:25.3912||INFO|BookingApp3.Controllers.ValuesController|Public Method : Attach 
2018-06-26 13:12:25.3912||INFO|BookingApp3.Controllers.ValuesController|Public Method : Update 
2018-06-26 13:12:25.4030||INFO|BookingApp3.Controllers.ValuesController|Public Method : Remove 
2018-06-26 13:12:25.4030||INFO|BookingApp3.Controllers.ValuesController|Public Method : Add 
2018-06-26 13:12:25.4208||INFO|BookingApp3.Controllers.ValuesController|Public Method : AddAsync 
2018-06-26 13:12:25.4208||INFO|BookingApp3.Controllers.ValuesController|Public Method : Attach 
2018-06-26 13:12:25.4341||INFO|BookingApp3.Controllers.ValuesController|Public Method : Update 
2018-06-26 13:12:25.4341||INFO|BookingApp3.Controllers.ValuesController|Public Method : Remove 
2018-06-26 13:12:25.4542||INFO|BookingApp3.Controllers.ValuesController|Public Method : AddRange 
2018-06-26 13:12:25.4657||INFO|BookingApp3.Controllers.ValuesController|Public Method : AddRangeAsync 
2018-06-26 13:12:25.4657||INFO|BookingApp3.Controllers.ValuesController|Public Method : AttachRange 
2018-06-26 13:12:25.4814||INFO|BookingApp3.Controllers.ValuesController|Public Method : UpdateRange 
2018-06-26 13:12:25.4814||INFO|BookingApp3.Controllers.ValuesController|Public Method : RemoveRange 
2018-06-26 13:12:25.4814||INFO|BookingApp3.Controllers.ValuesController|Public Method : AddRange 
2018-06-26 13:12:25.4986||INFO|BookingApp3.Controllers.ValuesController|Public Method : AddRangeAsync 
2018-06-26 13:12:25.4986||INFO|BookingApp3.Controllers.ValuesController|Public Method : AttachRange 
2018-06-26 13:12:25.4986||INFO|BookingApp3.Controllers.ValuesController|Public Method : UpdateRange 
2018-06-26 13:12:25.5166||INFO|BookingApp3.Controllers.ValuesController|Public Method : RemoveRange 
2018-06-26 13:12:25.5166||INFO|BookingApp3.Controllers.ValuesController|Public Method : Find 
2018-06-26 13:12:25.5296||INFO|BookingApp3.Controllers.ValuesController|Public Method : FindAsync 
2018-06-26 13:12:25.5296||INFO|BookingApp3.Controllers.ValuesController|Public Method : FindAsync 
2018-06-26 13:12:25.5296||INFO|BookingApp3.Controllers.ValuesController|Public Method : Find 
2018-06-26 13:12:25.5485||INFO|BookingApp3.Controllers.ValuesController|Public Method : FindAsync 
2018-06-26 13:12:25.5485||INFO|BookingApp3.Controllers.ValuesController|Public Method : FindAsync 
2018-06-26 13:12:25.5600||INFO|BookingApp3.Controllers.ValuesController|Public Method : ToString 
2018-06-26 13:12:25.5600||INFO|BookingApp3.Controllers.ValuesController|Public Method : Equals 
2018-06-26 13:12:25.5600||INFO|BookingApp3.Controllers.ValuesController|Public Method : GetHashCode 
2018-06-26 13:12:25.5813||INFO|BookingApp3.Controllers.ValuesController|Public Method : GetType 
2018-06-26 13:12:25.5813||INFO|BookingApp3.Controllers.ValuesController|Public Class : Assets 
2018-06-26 13:12:25.6002||INFO|BookingApp3.Controllers.ValuesController|Public Method : get_AId 
2018-06-26 13:12:25.6059||INFO|BookingApp3.Controllers.ValuesController|Public Method : set_AId 
2018-06-26 13:12:25.6059||INFO|BookingApp3.Controllers.ValuesController|Public Method : get_AName 
2018-06-26 13:12:25.6059||INFO|BookingApp3.Controllers.ValuesController|Public Method : set_AName 
2018-06-26 13:12:25.6231||INFO|BookingApp3.Controllers.ValuesController|Public Method : get_AAdd1 
2018-06-26 13:12:25.6231||INFO|BookingApp3.Controllers.ValuesController|Public Method : set_AAdd1 
2018-06-26 13:12:25.6371||INFO|BookingApp3.Controllers.ValuesController|Public Method : get_AAdd2 
2018-06-26 13:12:25.6371||INFO|BookingApp3.Controllers.ValuesController|Public Method : set_AAdd2 
2018-06-26 13:12:25.6371||INFO|BookingApp3.Controllers.ValuesController|Public Method : get_Type 
2018-06-26 13:12:25.6607||INFO|BookingApp3.Controllers.ValuesController|Public Method : set_Type 
2018-06-26 13:12:25.6607||INFO|BookingApp3.Controllers.ValuesController|Public Method : get_OId 
2018-06-26 13:12:25.6739||INFO|BookingApp3.Controllers.ValuesController|Public Method : set_OId 
2018-06-26 13:12:25.6739||INFO|BookingApp3.Controllers.ValuesController|Public Method : get_O 
2018-06-26 13:12:25.6918||INFO|BookingApp3.Controllers.ValuesController|Public Method : set_O 
2018-06-26 13:12:25.6918||INFO|BookingApp3.Controllers.ValuesController|Public Method : get_Room 
2018-06-26 13:12:25.7021||INFO|BookingApp3.Controllers.ValuesController|Public Method : set_Room 
2018-06-26 13:12:25.7021||INFO|BookingApp3.Controllers.ValuesController|Public Method : ToString 
2018-06-26 13:12:25.7021||INFO|BookingApp3.Controllers.ValuesController|Public Method : Equals 
2018-06-26 13:12:25.7198||INFO|BookingApp3.Controllers.ValuesController|Public Method : GetHashCode 
2018-06-26 13:12:25.7198||INFO|BookingApp3.Controllers.ValuesController|Public Method : GetType 
2018-06-26 13:12:25.7333||INFO|BookingApp3.Controllers.ValuesController|Public Class : JwtIssuerOptions 
2018-06-26 13:12:25.7333||INFO|BookingApp3.Controllers.ValuesController|Public Method : get_Issuer 
2018-06-26 13:12:25.7333||INFO|BookingApp3.Controllers.ValuesController|Public Method : set_Issuer 
2018-06-26 13:12:25.7526||INFO|BookingApp3.Controllers.ValuesController|Public Method : get_Subject 
2018-06-26 13:12:25.7620||INFO|BookingApp3.Controllers.ValuesController|Public Method : set_Subject 
2018-06-26 13:12:25.7620||INFO|BookingApp3.Controllers.ValuesController|Public Method : get_Audience 
2018-06-26 13:12:25.7790||INFO|BookingApp3.Controllers.ValuesController|Public Method : set_Audience 
2018-06-26 13:12:25.7790||INFO|BookingApp3.Controllers.ValuesController|Public Method : get_Expiration 
2018-06-26 13:12:25.7945||INFO|BookingApp3.Controllers.ValuesController|Public Method : get_NotBefore 
2018-06-26 13:12:25.8160||INFO|BookingApp3.Controllers.ValuesController|Public Method : get_IssuedAt 
2018-06-26 13:12:25.8270||INFO|BookingApp3.Controllers.ValuesController|Public Method : get_ValidFor 
2018-06-26 13:12:25.8270||INFO|BookingApp3.Controllers.ValuesController|Public Method : set_ValidFor 
2018-06-26 13:12:25.8556||INFO|BookingApp3.Controllers.ValuesController|Public Method : get_JtiGenerator 
2018-06-26 13:12:25.8556||INFO|BookingApp3.Controllers.ValuesController|Public Method : get_SigningCredentials 
2018-06-26 13:12:25.8974||INFO|BookingApp3.Controllers.ValuesController|Public Method : set_SigningCredentials 
2018-06-26 13:12:25.9157||INFO|BookingApp3.Controllers.ValuesController|Public Method : ToString 
2018-06-26 13:12:25.9268||INFO|BookingApp3.Controllers.ValuesController|Public Method : Equals 
2018-06-26 13:12:25.9346||INFO|BookingApp3.Controllers.ValuesController|Public Method : GetHashCode 
2018-06-26 13:12:25.9346||INFO|BookingApp3.Controllers.ValuesController|Public Method : GetType 
2018-06-26 13:12:25.9533||INFO|BookingApp3.Controllers.ValuesController|Public Class : Owner 
2018-06-26 13:12:25.9658||INFO|BookingApp3.Controllers.ValuesController|Public Method : get_OwnerId 
2018-06-26 13:12:25.9658||INFO|BookingApp3.Controllers.ValuesController|Public Method : set_OwnerId 
2018-06-26 13:12:25.9830||INFO|BookingApp3.Controllers.ValuesController|Public Method : get_Name 
2018-06-26 13:12:26.0043||INFO|BookingApp3.Controllers.ValuesController|Public Method : set_Name 
2018-06-26 13:12:26.0043||INFO|BookingApp3.Controllers.ValuesController|Public Method : get_Email 
2018-06-26 13:12:26.0191||INFO|BookingApp3.Controllers.ValuesController|Public Method : set_Email 
2018-06-26 13:12:26.0191||INFO|BookingApp3.Controllers.ValuesController|Public Method : get_Passcode 
2018-06-26 13:12:26.0328||INFO|BookingApp3.Controllers.ValuesController|Public Method : set_Passcode 
2018-06-26 13:12:26.0328||INFO|BookingApp3.Controllers.ValuesController|Public Method : get_Assets 
2018-06-26 13:12:26.0490||INFO|BookingApp3.Controllers.ValuesController|Public Method : set_Assets 
2018-06-26 13:12:26.0490||INFO|BookingApp3.Controllers.ValuesController|Public Method : ToString 
2018-06-26 13:12:26.0655||INFO|BookingApp3.Controllers.ValuesController|Public Method : Equals 
2018-06-26 13:12:26.0655||INFO|BookingApp3.Controllers.ValuesController|Public Method : GetHashCode 
2018-06-26 13:12:26.0850||INFO|BookingApp3.Controllers.ValuesController|Public Method : GetType 
2018-06-26 13:12:26.0948||INFO|BookingApp3.Controllers.ValuesController|Public Class : Room 
2018-06-26 13:12:26.0948||INFO|BookingApp3.Controllers.ValuesController|Public Method : get_RId 
2018-06-26 13:12:26.1086||INFO|BookingApp3.Controllers.ValuesController|Public Method : set_RId 
2018-06-26 13:12:26.1086||INFO|BookingApp3.Controllers.ValuesController|Public Method : get_RNo 
2018-06-26 13:12:26.1220||INFO|BookingApp3.Controllers.ValuesController|Public Method : set_RNo 
2018-06-26 13:12:26.1220||INFO|BookingApp3.Controllers.ValuesController|Public Method : get_RRate 
2018-06-26 13:12:26.1399||INFO|BookingApp3.Controllers.ValuesController|Public Method : set_RRate 
2018-06-26 13:12:26.1399||INFO|BookingApp3.Controllers.ValuesController|Public Method : get_RCategory 
2018-06-26 13:12:26.1568||INFO|BookingApp3.Controllers.ValuesController|Public Method : set_RCategory 
2018-06-26 13:12:26.1568||INFO|BookingApp3.Controllers.ValuesController|Public Method : get_RStatus 
2018-06-26 13:12:26.1708||INFO|BookingApp3.Controllers.ValuesController|Public Method : set_RStatus 
2018-06-26 13:12:26.1708||INFO|BookingApp3.Controllers.ValuesController|Public Method : get_AId 
2018-06-26 13:12:26.1839||INFO|BookingApp3.Controllers.ValuesController|Public Method : set_AId 
2018-06-26 13:12:26.1839||INFO|BookingApp3.Controllers.ValuesController|Public Method : get_A 
2018-06-26 13:12:26.1839||INFO|BookingApp3.Controllers.ValuesController|Public Method : set_A 
2018-06-26 13:12:26.1997||INFO|BookingApp3.Controllers.ValuesController|Public Method : ToString 
2018-06-26 13:12:26.1997||INFO|BookingApp3.Controllers.ValuesController|Public Method : Equals 
2018-06-26 13:12:26.1997||INFO|BookingApp3.Controllers.ValuesController|Public Method : GetHashCode 
2018-06-26 13:12:26.2190||INFO|BookingApp3.Controllers.ValuesController|Public Method : GetType 
2018-06-26 13:12:26.2190||INFO|BookingApp3.Controllers.ValuesController|Abstract Class : Constants 
2018-06-26 13:12:26.2306||INFO|BookingApp3.Controllers.ValuesController|Public Method : ToString 
2018-06-26 13:12:26.2306||INFO|BookingApp3.Controllers.ValuesController|Public Method : Equals 
2018-06-26 13:12:26.2481||INFO|BookingApp3.Controllers.ValuesController|Public Method : GetHashCode 
2018-06-26 13:12:26.2481||INFO|BookingApp3.Controllers.ValuesController|Public Method : GetType 
2018-06-26 13:12:26.2481||INFO|BookingApp3.Controllers.ValuesController|Abstract Class : Errors 
2018-06-26 13:12:26.2655||INFO|BookingApp3.Controllers.ValuesController|Public Method : AddErrorsToModelState 
2018-06-26 13:12:26.2655||INFO|BookingApp3.Controllers.ValuesController|Public Method : AddErrorToModelState 
2018-06-26 13:12:26.2897||INFO|BookingApp3.Controllers.ValuesController|Public Method : ToString 
2018-06-26 13:12:26.2986||INFO|BookingApp3.Controllers.ValuesController|Public Method : Equals 
2018-06-26 13:12:26.2986||INFO|BookingApp3.Controllers.ValuesController|Public Method : GetHashCode 
2018-06-26 13:12:26.3194||INFO|BookingApp3.Controllers.ValuesController|Public Method : GetType 
2018-06-26 13:12:26.3373||INFO|BookingApp3.Controllers.ValuesController|Public Class : Tokens 
2018-06-26 13:12:26.3491||INFO|BookingApp3.Controllers.ValuesController|Public Method : GenerateJwt 
2018-06-26 13:12:26.3491||INFO|BookingApp3.Controllers.ValuesController|Public Method : ToString 
2018-06-26 13:12:26.3631||INFO|BookingApp3.Controllers.ValuesController|Public Method : Equals 
2018-06-26 13:12:26.3631||INFO|BookingApp3.Controllers.ValuesController|Public Method : GetHashCode 
2018-06-26 13:12:26.3775||INFO|BookingApp3.Controllers.ValuesController|Public Method : GetType 
2018-06-26 13:12:26.3775||INFO|BookingApp3.Controllers.ValuesController|Public Class : OwnerAuthController 
2018-06-26 13:12:26.3880||INFO|BookingApp3.Controllers.ValuesController|Public Method : set_ViewData 
2018-06-26 13:12:26.3880||INFO|BookingApp3.Controllers.ValuesController|Public Method : get_ViewData 
2018-06-26 13:12:26.4029||INFO|BookingApp3.Controllers.ValuesController|Public Method : get_TempData 
2018-06-26 13:12:26.4029||INFO|BookingApp3.Controllers.ValuesController|Public Method : set_TempData 
2018-06-26 13:12:26.4029||INFO|BookingApp3.Controllers.ValuesController|Public Method : get_ViewBag 
2018-06-26 13:12:26.4247||INFO|BookingApp3.Controllers.ValuesController|Public Method : get_HttpContext 
2018-06-26 13:12:26.4393||INFO|BookingApp3.Controllers.ValuesController|Public Method : get_Request 
2018-06-26 13:12:26.4502||INFO|BookingApp3.Controllers.ValuesController|Public Method : get_Response 
2018-06-26 13:12:26.4502||INFO|BookingApp3.Controllers.ValuesController|Public Method : get_RouteData 
2018-06-26 13:12:26.4691||INFO|BookingApp3.Controllers.ValuesController|Public Method : get_ModelState 
2018-06-26 13:12:26.4691||INFO|BookingApp3.Controllers.ValuesController|Public Method : get_ControllerContext 
2018-06-26 13:12:26.4854||INFO|BookingApp3.Controllers.ValuesController|Public Method : set_ControllerContext 
2018-06-26 13:12:26.5073||INFO|BookingApp3.Controllers.ValuesController|Public Method : get_MetadataProvider 
2018-06-26 13:12:26.5646||INFO|BookingApp3.Controllers.ValuesController|Public Method : set_MetadataProvider 
2018-06-26 13:12:26.5774||INFO|BookingApp3.Controllers.ValuesController|Public Method : get_ModelBinderFactory 
2018-06-26 13:12:26.5774||INFO|BookingApp3.Controllers.ValuesController|Public Method : set_ModelBinderFactory 
2018-06-26 13:12:26.5958||INFO|BookingApp3.Controllers.ValuesController|Public Method : get_Url 
2018-06-26 13:12:26.6075||INFO|BookingApp3.Controllers.ValuesController|Public Method : set_Url 
2018-06-26 13:12:26.6075||INFO|BookingApp3.Controllers.ValuesController|Public Method : get_ObjectValidator 
2018-06-26 13:12:26.6219||INFO|BookingApp3.Controllers.ValuesController|Public Method : set_ObjectValidator 
2018-06-26 13:12:26.6219||INFO|BookingApp3.Controllers.ValuesController|Public Method : get_User 
2018-06-26 13:12:26.6387||INFO|BookingApp3.Controllers.ValuesController|Public Method : Get 
2018-06-26 13:12:26.6652||INFO|BookingApp3.Controllers.ValuesController|Public Method : Get 
2018-06-26 13:12:26.6722||INFO|BookingApp3.Controllers.ValuesController|Public Method : Post 
2018-06-26 13:12:26.6722||INFO|BookingApp3.Controllers.ValuesController|Public Method : Put 
2018-06-26 13:12:26.6853||INFO|BookingApp3.Controllers.ValuesController|Public Method : Delete 
2018-06-26 13:12:26.6853||INFO|BookingApp3.Controllers.ValuesController|Public Method : View 
2018-06-26 13:12:26.6853||INFO|BookingApp3.Controllers.ValuesController|Public Method : View 
2018-06-26 13:12:26.7052||INFO|BookingApp3.Controllers.ValuesController|Public Method : View 
2018-06-26 13:12:26.7052||INFO|BookingApp3.Controllers.ValuesController|Public Method : View 
2018-06-26 13:12:26.7244||INFO|BookingApp3.Controllers.ValuesController|Public Method : PartialView 
2018-06-26 13:12:26.7372||INFO|BookingApp3.Controllers.ValuesController|Public Method : PartialView 
2018-06-26 13:12:26.7473||INFO|BookingApp3.Controllers.ValuesController|Public Method : PartialView 
2018-06-26 13:12:26.7473||INFO|BookingApp3.Controllers.ValuesController|Public Method : PartialView 
2018-06-26 13:12:26.7473||INFO|BookingApp3.Controllers.ValuesController|Public Method : ViewComponent 
2018-06-26 13:12:26.7675||INFO|BookingApp3.Controllers.ValuesController|Public Method : ViewComponent 
2018-06-26 13:12:26.7808||INFO|BookingApp3.Controllers.ValuesController|Public Method : ViewComponent 
2018-06-26 13:12:26.7808||INFO|BookingApp3.Controllers.ValuesController|Public Method : ViewComponent 
2018-06-26 13:12:26.7808||INFO|BookingApp3.Controllers.ValuesController|Public Method : Json 
2018-06-26 13:12:26.7976||INFO|BookingApp3.Controllers.ValuesController|Public Method : Json 
2018-06-26 13:12:26.7976||INFO|BookingApp3.Controllers.ValuesController|Public Method : OnActionExecuting 
2018-06-26 13:12:26.8107||INFO|BookingApp3.Controllers.ValuesController|Public Method : OnActionExecuted 
2018-06-26 13:12:26.8107||INFO|BookingApp3.Controllers.ValuesController|Public Method : OnActionExecutionAsync 
2018-06-26 13:12:26.8107||INFO|BookingApp3.Controllers.ValuesController|Public Method : Dispose 
2018-06-26 13:12:26.8284||INFO|BookingApp3.Controllers.ValuesController|Public Method : StatusCode 
2018-06-26 13:12:26.8284||INFO|BookingApp3.Controllers.ValuesController|Public Method : StatusCode 
2018-06-26 13:12:26.8419||INFO|BookingApp3.Controllers.ValuesController|Public Method : Content 
2018-06-26 13:12:26.8419||INFO|BookingApp3.Controllers.ValuesController|Public Method : Content 
2018-06-26 13:12:26.8419||INFO|BookingApp3.Controllers.ValuesController|Public Method : Content 
2018-06-26 13:12:26.8608||INFO|BookingApp3.Controllers.ValuesController|Public Method : Content 
2018-06-26 13:12:26.8608||INFO|BookingApp3.Controllers.ValuesController|Public Method : NoContent 
2018-06-26 13:12:26.8723||INFO|BookingApp3.Controllers.ValuesController|Public Method : Ok 
2018-06-26 13:12:26.8723||INFO|BookingApp3.Controllers.ValuesController|Public Method : Ok 
2018-06-26 13:12:26.8723||INFO|BookingApp3.Controllers.ValuesController|Public Method : Redirect 
2018-06-26 13:12:26.8909||INFO|BookingApp3.Controllers.ValuesController|Public Method : RedirectPermanent 
2018-06-26 13:12:26.8909||INFO|BookingApp3.Controllers.ValuesController|Public Method : RedirectPreserveMethod 
2018-06-26 13:12:26.9030||INFO|BookingApp3.Controllers.ValuesController|Public Method : RedirectPermanentPreserveMethod 
2018-06-26 13:12:26.9030||INFO|BookingApp3.Controllers.ValuesController|Public Method : LocalRedirect 
2018-06-26 13:12:26.9030||INFO|BookingApp3.Controllers.ValuesController|Public Method : LocalRedirectPermanent 
2018-06-26 13:12:26.9278||INFO|BookingApp3.Controllers.ValuesController|Public Method : LocalRedirectPreserveMethod 
2018-06-26 13:12:26.9349||INFO|BookingApp3.Controllers.ValuesController|Public Method : LocalRedirectPermanentPreserveMethod 
2018-06-26 13:12:26.9349||INFO|BookingApp3.Controllers.ValuesController|Public Method : RedirectToAction 
2018-06-26 13:12:26.9584||INFO|BookingApp3.Controllers.ValuesController|Public Method : RedirectToAction 
2018-06-26 13:12:26.9657||INFO|BookingApp3.Controllers.ValuesController|Public Method : RedirectToAction 
2018-06-26 13:12:26.9657||INFO|BookingApp3.Controllers.ValuesController|Public Method : RedirectToAction 
2018-06-26 13:12:26.9835||INFO|BookingApp3.Controllers.ValuesController|Public Method : RedirectToAction 
2018-06-26 13:12:26.9835||INFO|BookingApp3.Controllers.ValuesController|Public Method : RedirectToAction 
2018-06-26 13:12:27.0043||INFO|BookingApp3.Controllers.ValuesController|Public Method : RedirectToActionPreserveMethod 
2018-06-26 13:12:27.0163||INFO|BookingApp3.Controllers.ValuesController|Public Method : RedirectToActionPermanent 
2018-06-26 13:12:27.0163||INFO|BookingApp3.Controllers.ValuesController|Public Method : RedirectToActionPermanent 
2018-06-26 13:12:27.0344||INFO|BookingApp3.Controllers.ValuesController|Public Method : RedirectToActionPermanent 
2018-06-26 13:12:27.0436||INFO|BookingApp3.Controllers.ValuesController|Public Method : RedirectToActionPermanent 
2018-06-26 13:12:27.0436||INFO|BookingApp3.Controllers.ValuesController|Public Method : RedirectToActionPermanent 
2018-06-26 13:12:27.0436||INFO|BookingApp3.Controllers.ValuesController|Public Method : RedirectToActionPermanent 
2018-06-26 13:12:27.0650||INFO|BookingApp3.Controllers.ValuesController|Public Method : RedirectToActionPermanentPreserveMethod 
2018-06-26 13:12:27.0650||INFO|BookingApp3.Controllers.ValuesController|Public Method : RedirectToRoute 
2018-06-26 13:12:27.0832||INFO|BookingApp3.Controllers.ValuesController|Public Method : RedirectToRoute 
2018-06-26 13:12:27.1028||INFO|BookingApp3.Controllers.ValuesController|Public Method : RedirectToRoute 
2018-06-26 13:12:27.1213||INFO|BookingApp3.Controllers.ValuesController|Public Method : RedirectToRoute 
2018-06-26 13:12:27.1455||INFO|BookingApp3.Controllers.ValuesController|Public Method : RedirectToRoute 
2018-06-26 13:12:27.1706||INFO|BookingApp3.Controllers.ValuesController|Public Method : RedirectToRoutePreserveMethod 
2018-06-26 13:12:27.1859||INFO|BookingApp3.Controllers.ValuesController|Public Method : RedirectToRoutePermanent 
2018-06-26 13:12:27.2028||INFO|BookingApp3.Controllers.ValuesController|Public Method : RedirectToRoutePermanent 
2018-06-26 13:12:27.2287||INFO|BookingApp3.Controllers.ValuesController|Public Method : RedirectToRoutePermanent 
2018-06-26 13:12:27.2411||INFO|BookingApp3.Controllers.ValuesController|Public Method : RedirectToRoutePermanent 
2018-06-26 13:12:27.2808||INFO|BookingApp3.Controllers.ValuesController|Public Method : RedirectToRoutePermanent 
2018-06-26 13:12:27.2808||INFO|BookingApp3.Controllers.ValuesController|Public Method : RedirectToRoutePermanentPreserveMethod 
2018-06-26 13:12:27.3054||INFO|BookingApp3.Controllers.ValuesController|Public Method : RedirectToPage 
2018-06-26 13:12:27.3135||INFO|BookingApp3.Controllers.ValuesController|Public Method : RedirectToPage 
2018-06-26 13:12:27.3135||INFO|BookingApp3.Controllers.ValuesController|Public Method : RedirectToPage 
2018-06-26 13:12:27.3391||INFO|BookingApp3.Controllers.ValuesController|Public Method : RedirectToPage 
2018-06-26 13:12:27.3530||INFO|BookingApp3.Controllers.ValuesController|Public Method : RedirectToPage 
2018-06-26 13:12:27.3688||INFO|BookingApp3.Controllers.ValuesController|Public Method : RedirectToPage 
2018-06-26 13:12:27.3816||INFO|BookingApp3.Controllers.ValuesController|Public Method : RedirectToPagePermanent 
2018-06-26 13:12:27.3889||INFO|BookingApp3.Controllers.ValuesController|Public Method : RedirectToPagePermanent 
2018-06-26 13:12:27.3889||INFO|BookingApp3.Controllers.ValuesController|Public Method : RedirectToPagePermanent 
2018-06-26 13:12:27.4045||INFO|BookingApp3.Controllers.ValuesController|Public Method : RedirectToPagePermanent 
2018-06-26 13:12:27.4045||INFO|BookingApp3.Controllers.ValuesController|Public Method : RedirectToPagePermanent 
2018-06-26 13:12:27.4207||INFO|BookingApp3.Controllers.ValuesController|Public Method : RedirectToPagePreserveMethod 
2018-06-26 13:12:27.4207||INFO|BookingApp3.Controllers.ValuesController|Public Method : RedirectToPagePermanentPreserveMethod 
2018-06-26 13:12:27.4360||INFO|BookingApp3.Controllers.ValuesController|Public Method : File 
2018-06-26 13:12:27.4360||INFO|BookingApp3.Controllers.ValuesController|Public Method : File 
2018-06-26 13:12:27.4360||INFO|BookingApp3.Controllers.ValuesController|Public Method : File 
2018-06-26 13:12:27.4527||INFO|BookingApp3.Controllers.ValuesController|Public Method : File 
2018-06-26 13:12:27.4527||INFO|BookingApp3.Controllers.ValuesController|Public Method : File 
2018-06-26 13:12:27.4659||INFO|BookingApp3.Controllers.ValuesController|Public Method : File 
2018-06-26 13:12:27.4659||INFO|BookingApp3.Controllers.ValuesController|Public Method : File 
2018-06-26 13:12:27.4659||INFO|BookingApp3.Controllers.ValuesController|Public Method : File 
2018-06-26 13:12:27.4891||INFO|BookingApp3.Controllers.ValuesController|Public Method : File 
2018-06-26 13:12:27.4978||INFO|BookingApp3.Controllers.ValuesController|Public Method : File 
2018-06-26 13:12:27.4978||INFO|BookingApp3.Controllers.ValuesController|Public Method : File 
2018-06-26 13:12:27.4978||INFO|BookingApp3.Controllers.ValuesController|Public Method : File 
2018-06-26 13:12:27.5167||INFO|BookingApp3.Controllers.ValuesController|Public Method : PhysicalFile 
2018-06-26 13:12:27.5167||INFO|BookingApp3.Controllers.ValuesController|Public Method : PhysicalFile 
2018-06-26 13:12:27.5293||INFO|BookingApp3.Controllers.ValuesController|Public Method : PhysicalFile 
2018-06-26 13:12:27.5293||INFO|BookingApp3.Controllers.ValuesController|Public Method : PhysicalFile 
2018-06-26 13:12:27.5293||INFO|BookingApp3.Controllers.ValuesController|Public Method : Unauthorized 
2018-06-26 13:12:27.5471||INFO|BookingApp3.Controllers.ValuesController|Public Method : NotFound 
2018-06-26 13:12:27.5471||INFO|BookingApp3.Controllers.ValuesController|Public Method : NotFound 
2018-06-26 13:12:27.5614||INFO|BookingApp3.Controllers.ValuesController|Public Method : BadRequest 
2018-06-26 13:12:27.5614||INFO|BookingApp3.Controllers.ValuesController|Public Method : BadRequest 
2018-06-26 13:12:27.5614||INFO|BookingApp3.Controllers.ValuesController|Public Method : BadRequest 
2018-06-26 13:12:27.5869||INFO|BookingApp3.Controllers.ValuesController|Public Method : Created 
2018-06-26 13:12:27.5961||INFO|BookingApp3.Controllers.ValuesController|Public Method : Created 
2018-06-26 13:12:27.5961||INFO|BookingApp3.Controllers.ValuesController|Public Method : CreatedAtAction 
2018-06-26 13:12:27.6137||INFO|BookingApp3.Controllers.ValuesController|Public Method : CreatedAtAction 
2018-06-26 13:12:27.6137||INFO|BookingApp3.Controllers.ValuesController|Public Method : CreatedAtAction 
2018-06-26 13:12:27.6267||INFO|BookingApp3.Controllers.ValuesController|Public Method : CreatedAtRoute 
2018-06-26 13:12:27.6267||INFO|BookingApp3.Controllers.ValuesController|Public Method : CreatedAtRoute 
2018-06-26 13:12:27.6392||INFO|BookingApp3.Controllers.ValuesController|Public Method : CreatedAtRoute 
2018-06-26 13:12:27.6392||INFO|BookingApp3.Controllers.ValuesController|Public Method : Accepted 
2018-06-26 13:12:27.6392||INFO|BookingApp3.Controllers.ValuesController|Public Method : Accepted 
2018-06-26 13:12:27.6554||INFO|BookingApp3.Controllers.ValuesController|Public Method : Accepted 
2018-06-26 13:12:27.6554||INFO|BookingApp3.Controllers.ValuesController|Public Method : Accepted 
2018-06-26 13:12:27.6554||INFO|BookingApp3.Controllers.ValuesController|Public Method : Accepted 
2018-06-26 13:12:27.6719||INFO|BookingApp3.Controllers.ValuesController|Public Method : Accepted 
2018-06-26 13:12:27.6719||INFO|BookingApp3.Controllers.ValuesController|Public Method : AcceptedAtAction 
2018-06-26 13:12:27.6861||INFO|BookingApp3.Controllers.ValuesController|Public Method : AcceptedAtAction 
2018-06-26 13:12:27.6861||INFO|BookingApp3.Controllers.ValuesController|Public Method : AcceptedAtAction 
2018-06-26 13:12:27.6861||INFO|BookingApp3.Controllers.ValuesController|Public Method : AcceptedAtAction 
2018-06-26 13:12:27.7032||INFO|BookingApp3.Controllers.ValuesController|Public Method : AcceptedAtAction 
2018-06-26 13:12:27.7032||INFO|BookingApp3.Controllers.ValuesController|Public Method : AcceptedAtAction 
2018-06-26 13:12:27.7157||INFO|BookingApp3.Controllers.ValuesController|Public Method : AcceptedAtRoute 
2018-06-26 13:12:27.7157||INFO|BookingApp3.Controllers.ValuesController|Public Method : AcceptedAtRoute 
2018-06-26 13:12:27.7157||INFO|BookingApp3.Controllers.ValuesController|Public Method : AcceptedAtRoute 
2018-06-26 13:12:27.7374||INFO|BookingApp3.Controllers.ValuesController|Public Method : AcceptedAtRoute 
2018-06-26 13:12:27.7474||INFO|BookingApp3.Controllers.ValuesController|Public Method : AcceptedAtRoute 
2018-06-26 13:12:27.7474||INFO|BookingApp3.Controllers.ValuesController|Public Method : Challenge 
2018-06-26 13:12:27.7678||INFO|BookingApp3.Controllers.ValuesController|Public Method : Challenge 
2018-06-26 13:12:27.7678||INFO|BookingApp3.Controllers.ValuesController|Public Method : Challenge 
2018-06-26 13:12:27.7848||INFO|BookingApp3.Controllers.ValuesController|Public Method : Challenge 
2018-06-26 13:12:27.7848||INFO|BookingApp3.Controllers.ValuesController|Public Method : Forbid 
2018-06-26 13:12:27.8071||INFO|BookingApp3.Controllers.ValuesController|Public Method : Forbid 
2018-06-26 13:12:27.8228||INFO|BookingApp3.Controllers.ValuesController|Public Method : Forbid 
2018-06-26 13:12:27.8386||INFO|BookingApp3.Controllers.ValuesController|Public Method : Forbid 
2018-06-26 13:12:27.8489||INFO|BookingApp3.Controllers.ValuesController|Public Method : SignIn 
2018-06-26 13:12:27.8489||INFO|BookingApp3.Controllers.ValuesController|Public Method : SignIn 
2018-06-26 13:12:27.8661||INFO|BookingApp3.Controllers.ValuesController|Public Method : SignOut 
2018-06-26 13:12:27.8710||INFO|BookingApp3.Controllers.ValuesController|Public Method : SignOut 
2018-06-26 13:12:27.8710||INFO|BookingApp3.Controllers.ValuesController|Public Method : TryUpdateModelAsync 
2018-06-26 13:12:27.8710||INFO|BookingApp3.Controllers.ValuesController|Public Method : TryUpdateModelAsync 
2018-06-26 13:12:27.8929||INFO|BookingApp3.Controllers.ValuesController|Public Method : TryUpdateModelAsync 
2018-06-26 13:12:27.8929||INFO|BookingApp3.Controllers.ValuesController|Public Method : TryUpdateModelAsync 
2018-06-26 13:12:27.9052||INFO|BookingApp3.Controllers.ValuesController|Public Method : TryUpdateModelAsync 
2018-06-26 13:12:27.9302||INFO|BookingApp3.Controllers.ValuesController|Public Method : TryUpdateModelAsync 
2018-06-26 13:12:27.9382||INFO|BookingApp3.Controllers.ValuesController|Public Method : TryUpdateModelAsync 
2018-06-26 13:12:27.9382||INFO|BookingApp3.Controllers.ValuesController|Public Method : TryUpdateModelAsync 
2018-06-26 13:12:27.9504||INFO|BookingApp3.Controllers.ValuesController|Public Method : TryUpdateModelAsync 
2018-06-26 13:12:27.9504||INFO|BookingApp3.Controllers.ValuesController|Public Method : TryValidateModel 
2018-06-26 13:12:27.9504||INFO|BookingApp3.Controllers.ValuesController|Public Method : TryValidateModel 
2018-06-26 13:12:27.9727||INFO|BookingApp3.Controllers.ValuesController|Public Method : ToString 
2018-06-26 13:12:27.9727||INFO|BookingApp3.Controllers.ValuesController|Public Method : Equals 
2018-06-26 13:12:27.9879||INFO|BookingApp3.Controllers.ValuesController|Public Method : GetHashCode 
2018-06-26 13:12:27.9879||INFO|BookingApp3.Controllers.ValuesController|Public Method : GetType 
2018-06-26 13:12:28.0190||INFO|BookingApp3.Controllers.ValuesController|Public Class : OwnerController 
2018-06-26 13:12:28.0338||INFO|BookingApp3.Controllers.ValuesController|Public Method : set_ViewData 
2018-06-26 13:12:28.0338||INFO|BookingApp3.Controllers.ValuesController|Public Method : get_ViewData 
2018-06-26 13:12:28.0513||INFO|BookingApp3.Controllers.ValuesController|Public Method : get_TempData 
2018-06-26 13:12:28.0513||INFO|BookingApp3.Controllers.ValuesController|Public Method : set_TempData 
2018-06-26 13:12:28.0657||INFO|BookingApp3.Controllers.ValuesController|Public Method : get_ViewBag 
2018-06-26 13:12:28.0657||INFO|BookingApp3.Controllers.ValuesController|Public Method : get_HttpContext 
2018-06-26 13:12:28.0834||INFO|BookingApp3.Controllers.ValuesController|Public Method : get_Request 
2018-06-26 13:12:28.0834||INFO|BookingApp3.Controllers.ValuesController|Public Method : get_Response 
2018-06-26 13:12:28.0992||INFO|BookingApp3.Controllers.ValuesController|Public Method : get_RouteData 
2018-06-26 13:12:28.1053||INFO|BookingApp3.Controllers.ValuesController|Public Method : get_ModelState 
2018-06-26 13:12:28.1053||INFO|BookingApp3.Controllers.ValuesController|Public Method : get_ControllerContext 
2018-06-26 13:12:28.1249||INFO|BookingApp3.Controllers.ValuesController|Public Method : set_ControllerContext 
2018-06-26 13:12:28.1249||INFO|BookingApp3.Controllers.ValuesController|Public Method : get_MetadataProvider 
2018-06-26 13:12:28.1544||INFO|BookingApp3.Controllers.ValuesController|Public Method : set_MetadataProvider 
2018-06-26 13:12:28.1544||INFO|BookingApp3.Controllers.ValuesController|Public Method : get_ModelBinderFactory 
2018-06-26 13:12:28.1718||INFO|BookingApp3.Controllers.ValuesController|Public Method : set_ModelBinderFactory 
2018-06-26 13:12:28.1718||INFO|BookingApp3.Controllers.ValuesController|Public Method : get_Url 
2018-06-26 13:12:28.1851||INFO|BookingApp3.Controllers.ValuesController|Public Method : set_Url 
2018-06-26 13:12:28.1851||INFO|BookingApp3.Controllers.ValuesController|Public Method : get_ObjectValidator 
2018-06-26 13:12:28.2029||INFO|BookingApp3.Controllers.ValuesController|Public Method : set_ObjectValidator 
2018-06-26 13:12:28.2029||INFO|BookingApp3.Controllers.ValuesController|Public Method : get_User 
2018-06-26 13:12:28.2029||INFO|BookingApp3.Controllers.ValuesController|Public Method : Get 
2018-06-26 13:12:28.2194||INFO|BookingApp3.Controllers.ValuesController|Public Method : Get 
2018-06-26 13:12:28.2194||INFO|BookingApp3.Controllers.ValuesController|Public Method : Post 
2018-06-26 13:12:28.2362||INFO|BookingApp3.Controllers.ValuesController|Public Method : Put 
2018-06-26 13:12:28.2508||INFO|BookingApp3.Controllers.ValuesController|Public Method : Delete 
2018-06-26 13:12:28.2508||INFO|BookingApp3.Controllers.ValuesController|Public Method : View 
2018-06-26 13:12:28.2625||INFO|BookingApp3.Controllers.ValuesController|Public Method : View 
2018-06-26 13:12:28.2625||INFO|BookingApp3.Controllers.ValuesController|Public Method : View 
2018-06-26 13:12:28.2625||INFO|BookingApp3.Controllers.ValuesController|Public Method : View 
2018-06-26 13:12:28.2789||INFO|BookingApp3.Controllers.ValuesController|Public Method : PartialView 
2018-06-26 13:12:28.2789||INFO|BookingApp3.Controllers.ValuesController|Public Method : PartialView 
2018-06-26 13:12:28.2789||INFO|BookingApp3.Controllers.ValuesController|Public Method : PartialView 
2018-06-26 13:12:28.2940||INFO|BookingApp3.Controllers.ValuesController|Public Method : PartialView 
2018-06-26 13:12:28.2940||INFO|BookingApp3.Controllers.ValuesController|Public Method : ViewComponent 
2018-06-26 13:12:28.2940||INFO|BookingApp3.Controllers.ValuesController|Public Method : ViewComponent 
2018-06-26 13:12:28.3147||INFO|BookingApp3.Controllers.ValuesController|Public Method : ViewComponent 
2018-06-26 13:12:28.3147||INFO|BookingApp3.Controllers.ValuesController|Public Method : ViewComponent 
2018-06-26 13:12:28.3249||INFO|BookingApp3.Controllers.ValuesController|Public Method : Json 
2018-06-26 13:12:28.3249||INFO|BookingApp3.Controllers.ValuesController|Public Method : Json 
2018-06-26 13:12:28.3396||INFO|BookingApp3.Controllers.ValuesController|Public Method : OnActionExecuting 
2018-06-26 13:12:28.3396||INFO|BookingApp3.Controllers.ValuesController|Public Method : OnActionExecuted 
2018-06-26 13:12:28.3396||INFO|BookingApp3.Controllers.ValuesController|Public Method : OnActionExecutionAsync 
2018-06-26 13:12:28.3612||INFO|BookingApp3.Controllers.ValuesController|Public Method : Dispose 
2018-06-26 13:12:28.3612||INFO|BookingApp3.Controllers.ValuesController|Public Method : StatusCode 
2018-06-26 13:12:28.3719||INFO|BookingApp3.Controllers.ValuesController|Public Method : StatusCode 
2018-06-26 13:12:28.3719||INFO|BookingApp3.Controllers.ValuesController|Public Method : Content 
2018-06-26 13:12:28.3719||INFO|BookingApp3.Controllers.ValuesController|Public Method : Content 
2018-06-26 13:12:28.3901||INFO|BookingApp3.Controllers.ValuesController|Public Method : Content 
2018-06-26 13:12:28.3901||INFO|BookingApp3.Controllers.ValuesController|Public Method : Content 
2018-06-26 13:12:28.4060||INFO|BookingApp3.Controllers.ValuesController|Public Method : NoContent 
2018-06-26 13:12:28.4060||INFO|BookingApp3.Controllers.ValuesController|Public Method : Ok 
2018-06-26 13:12:28.4198||INFO|BookingApp3.Controllers.ValuesController|Public Method : Ok 
2018-06-26 13:12:28.4198||INFO|BookingApp3.Controllers.ValuesController|Public Method : Redirect 
2018-06-26 13:12:28.4198||INFO|BookingApp3.Controllers.ValuesController|Public Method : RedirectPermanent 
2018-06-26 13:12:28.4419||INFO|BookingApp3.Controllers.ValuesController|Public Method : RedirectPreserveMethod 
2018-06-26 13:12:28.4552||INFO|BookingApp3.Controllers.ValuesController|Public Method : RedirectPermanentPreserveMethod 
2018-06-26 13:12:28.4884||INFO|BookingApp3.Controllers.ValuesController|Public Method : LocalRedirect 
2018-06-26 13:12:28.4968||INFO|BookingApp3.Controllers.ValuesController|Public Method : LocalRedirectPermanent 
2018-06-26 13:12:28.4968||INFO|BookingApp3.Controllers.ValuesController|Public Method : LocalRedirectPreserveMethod 
2018-06-26 13:12:28.5178||INFO|BookingApp3.Controllers.ValuesController|Public Method : LocalRedirectPermanentPreserveMethod 
2018-06-26 13:12:28.5178||INFO|BookingApp3.Controllers.ValuesController|Public Method : RedirectToAction 
2018-06-26 13:12:28.5304||INFO|BookingApp3.Controllers.ValuesController|Public Method : RedirectToAction 
2018-06-26 13:12:28.5304||INFO|BookingApp3.Controllers.ValuesController|Public Method : RedirectToAction 
2018-06-26 13:12:28.5304||INFO|BookingApp3.Controllers.ValuesController|Public Method : RedirectToAction 
2018-06-26 13:12:28.5632||INFO|BookingApp3.Controllers.ValuesController|Public Method : RedirectToAction 
2018-06-26 13:12:28.5632||INFO|BookingApp3.Controllers.ValuesController|Public Method : RedirectToAction 
2018-06-26 13:12:28.5790||INFO|BookingApp3.Controllers.ValuesController|Public Method : RedirectToActionPreserveMethod 
2018-06-26 13:12:28.5790||INFO|BookingApp3.Controllers.ValuesController|Public Method : RedirectToActionPermanent 
2018-06-26 13:12:28.5902||INFO|BookingApp3.Controllers.ValuesController|Public Method : RedirectToActionPermanent 
2018-06-26 13:12:28.5902||INFO|BookingApp3.Controllers.ValuesController|Public Method : RedirectToActionPermanent 
2018-06-26 13:12:28.5902||INFO|BookingApp3.Controllers.ValuesController|Public Method : RedirectToActionPermanent 
2018-06-26 13:12:28.6074||INFO|BookingApp3.Controllers.ValuesController|Public Method : RedirectToActionPermanent 
2018-06-26 13:12:28.6074||INFO|BookingApp3.Controllers.ValuesController|Public Method : RedirectToActionPermanent 
2018-06-26 13:12:28.6074||INFO|BookingApp3.Controllers.ValuesController|Public Method : RedirectToActionPermanentPreserveMethod 
2018-06-26 13:12:28.6232||INFO|BookingApp3.Controllers.ValuesController|Public Method : RedirectToRoute 
2018-06-26 13:12:28.6232||INFO|BookingApp3.Controllers.ValuesController|Public Method : RedirectToRoute 
2018-06-26 13:12:28.6232||INFO|BookingApp3.Controllers.ValuesController|Public Method : RedirectToRoute 
2018-06-26 13:12:28.6395||INFO|BookingApp3.Controllers.ValuesController|Public Method : RedirectToRoute 
2018-06-26 13:12:28.6395||INFO|BookingApp3.Controllers.ValuesController|Public Method : RedirectToRoute 
2018-06-26 13:12:28.6395||INFO|BookingApp3.Controllers.ValuesController|Public Method : RedirectToRoutePreserveMethod 
2018-06-26 13:12:28.6630||INFO|BookingApp3.Controllers.ValuesController|Public Method : RedirectToRoutePermanent 
2018-06-26 13:12:28.6731||INFO|BookingApp3.Controllers.ValuesController|Public Method : RedirectToRoutePermanent 
2018-06-26 13:12:28.6731||INFO|BookingApp3.Controllers.ValuesController|Public Method : RedirectToRoutePermanent 
2018-06-26 13:12:28.6977||INFO|BookingApp3.Controllers.ValuesController|Public Method : RedirectToRoutePermanent 
2018-06-26 13:12:28.7075||INFO|BookingApp3.Controllers.ValuesController|Public Method : RedirectToRoutePermanent 
2018-06-26 13:12:28.7147||INFO|BookingApp3.Controllers.ValuesController|Public Method : RedirectToRoutePermanentPreserveMethod 
2018-06-26 13:12:28.7147||INFO|BookingApp3.Controllers.ValuesController|Public Method : RedirectToPage 
2018-06-26 13:12:28.7147||INFO|BookingApp3.Controllers.ValuesController|Public Method : RedirectToPage 
2018-06-26 13:12:28.7334||INFO|BookingApp3.Controllers.ValuesController|Public Method : RedirectToPage 
2018-06-26 13:12:28.7334||INFO|BookingApp3.Controllers.ValuesController|Public Method : RedirectToPage 
2018-06-26 13:12:28.7477||INFO|BookingApp3.Controllers.ValuesController|Public Method : RedirectToPage 
2018-06-26 13:12:28.7477||INFO|BookingApp3.Controllers.ValuesController|Public Method : RedirectToPage 
2018-06-26 13:12:28.7477||INFO|BookingApp3.Controllers.ValuesController|Public Method : RedirectToPagePermanent 
2018-06-26 13:12:28.7663||INFO|BookingApp3.Controllers.ValuesController|Public Method : RedirectToPagePermanent 
2018-06-26 13:12:28.7663||INFO|BookingApp3.Controllers.ValuesController|Public Method : RedirectToPagePermanent 
2018-06-26 13:12:28.7800||INFO|BookingApp3.Controllers.ValuesController|Public Method : RedirectToPagePermanent 
2018-06-26 13:12:28.7800||INFO|BookingApp3.Controllers.ValuesController|Public Method : RedirectToPagePermanent 
2018-06-26 13:12:28.7800||INFO|BookingApp3.Controllers.ValuesController|Public Method : RedirectToPagePreserveMethod 
2018-06-26 13:12:28.8054||INFO|BookingApp3.Controllers.ValuesController|Public Method : RedirectToPagePermanentPreserveMethod 
2018-06-26 13:12:28.8119||INFO|BookingApp3.Controllers.ValuesController|Public Method : File 
2018-06-26 13:12:28.8119||INFO|BookingApp3.Controllers.ValuesController|Public Method : File 
2018-06-26 13:12:28.8119||INFO|BookingApp3.Controllers.ValuesController|Public Method : File 
2018-06-26 13:12:28.8303||INFO|BookingApp3.Controllers.ValuesController|Public Method : File 
2018-06-26 13:12:28.8303||INFO|BookingApp3.Controllers.ValuesController|Public Method : File 
2018-06-26 13:12:28.8419||INFO|BookingApp3.Controllers.ValuesController|Public Method : File 
2018-06-26 13:12:28.8419||INFO|BookingApp3.Controllers.ValuesController|Public Method : File 
2018-06-26 13:12:28.8419||INFO|BookingApp3.Controllers.ValuesController|Public Method : File 
2018-06-26 13:12:28.8612||INFO|BookingApp3.Controllers.ValuesController|Public Method : File 
2018-06-26 13:12:28.8612||INFO|BookingApp3.Controllers.ValuesController|Public Method : File 
2018-06-26 13:12:28.8733||INFO|BookingApp3.Controllers.ValuesController|Public Method : File 
2018-06-26 13:12:28.8733||INFO|BookingApp3.Controllers.ValuesController|Public Method : File 
2018-06-26 13:12:28.8733||INFO|BookingApp3.Controllers.ValuesController|Public Method : PhysicalFile 
2018-06-26 13:12:28.8973||INFO|BookingApp3.Controllers.ValuesController|Public Method : PhysicalFile 
2018-06-26 13:12:28.9030||INFO|BookingApp3.Controllers.ValuesController|Public Method : PhysicalFile 
2018-06-26 13:12:28.9030||INFO|BookingApp3.Controllers.ValuesController|Public Method : PhysicalFile 
2018-06-26 13:12:28.9030||INFO|BookingApp3.Controllers.ValuesController|Public Method : Unauthorized 
2018-06-26 13:12:28.9240||INFO|BookingApp3.Controllers.ValuesController|Public Method : NotFound 
2018-06-26 13:12:28.9240||INFO|BookingApp3.Controllers.ValuesController|Public Method : NotFound 
2018-06-26 13:12:28.9370||INFO|BookingApp3.Controllers.ValuesController|Public Method : BadRequest 
2018-06-26 13:12:28.9370||INFO|BookingApp3.Controllers.ValuesController|Public Method : BadRequest 
2018-06-26 13:12:28.9520||INFO|BookingApp3.Controllers.ValuesController|Public Method : BadRequest 
2018-06-26 13:12:28.9520||INFO|BookingApp3.Controllers.ValuesController|Public Method : Created 
2018-06-26 13:12:28.9670||INFO|BookingApp3.Controllers.ValuesController|Public Method : Created 
2018-06-26 13:12:28.9670||INFO|BookingApp3.Controllers.ValuesController|Public Method : CreatedAtAction 
2018-06-26 13:12:28.9670||INFO|BookingApp3.Controllers.ValuesController|Public Method : CreatedAtAction 
2018-06-26 13:12:28.9875||INFO|BookingApp3.Controllers.ValuesController|Public Method : CreatedAtAction 
2018-06-26 13:12:28.9875||INFO|BookingApp3.Controllers.ValuesController|Public Method : CreatedAtRoute 
2018-06-26 13:12:28.9990||INFO|BookingApp3.Controllers.ValuesController|Public Method : CreatedAtRoute 
2018-06-26 13:12:28.9990||INFO|BookingApp3.Controllers.ValuesController|Public Method : CreatedAtRoute 
2018-06-26 13:12:28.9990||INFO|BookingApp3.Controllers.ValuesController|Public Method : Accepted 
2018-06-26 13:12:29.0186||INFO|BookingApp3.Controllers.ValuesController|Public Method : Accepted 
2018-06-26 13:12:29.0186||INFO|BookingApp3.Controllers.ValuesController|Public Method : Accepted 
2018-06-26 13:12:29.0356||INFO|BookingApp3.Controllers.ValuesController|Public Method : Accepted 
2018-06-26 13:12:29.0436||INFO|BookingApp3.Controllers.ValuesController|Public Method : Accepted 
2018-06-26 13:12:29.0436||INFO|BookingApp3.Controllers.ValuesController|Public Method : Accepted 
2018-06-26 13:12:29.0436||INFO|BookingApp3.Controllers.ValuesController|Public Method : AcceptedAtAction 
2018-06-26 13:12:29.0659||INFO|BookingApp3.Controllers.ValuesController|Public Method : AcceptedAtAction 
2018-06-26 13:12:29.0659||INFO|BookingApp3.Controllers.ValuesController|Public Method : AcceptedAtAction 
2018-06-26 13:12:29.0815||INFO|BookingApp3.Controllers.ValuesController|Public Method : AcceptedAtAction 
2018-06-26 13:12:29.0954||INFO|BookingApp3.Controllers.ValuesController|Public Method : AcceptedAtAction 
2018-06-26 13:12:29.0954||INFO|BookingApp3.Controllers.ValuesController|Public Method : AcceptedAtAction 
2018-06-26 13:12:29.1195||INFO|BookingApp3.Controllers.ValuesController|Public Method : AcceptedAtRoute 
2018-06-26 13:12:29.1409||INFO|BookingApp3.Controllers.ValuesController|Public Method : AcceptedAtRoute 
2018-06-26 13:12:29.1409||INFO|BookingApp3.Controllers.ValuesController|Public Method : AcceptedAtRoute 
2018-06-26 13:12:29.1574||INFO|BookingApp3.Controllers.ValuesController|Public Method : AcceptedAtRoute 
2018-06-26 13:12:29.1710||INFO|BookingApp3.Controllers.ValuesController|Public Method : AcceptedAtRoute 
2018-06-26 13:12:29.1710||INFO|BookingApp3.Controllers.ValuesController|Public Method : Challenge 
2018-06-26 13:12:29.1863||INFO|BookingApp3.Controllers.ValuesController|Public Method : Challenge 
2018-06-26 13:12:29.1863||INFO|BookingApp3.Controllers.ValuesController|Public Method : Challenge 
2018-06-26 13:12:29.2148||INFO|BookingApp3.Controllers.ValuesController|Public Method : Challenge 
2018-06-26 13:12:29.2273||INFO|BookingApp3.Controllers.ValuesController|Public Method : Forbid 
2018-06-26 13:12:29.2364||INFO|BookingApp3.Controllers.ValuesController|Public Method : Forbid 
2018-06-26 13:12:29.2550||INFO|BookingApp3.Controllers.ValuesController|Public Method : Forbid 
2018-06-26 13:12:29.2670||INFO|BookingApp3.Controllers.ValuesController|Public Method : Forbid 
2018-06-26 13:12:29.2670||INFO|BookingApp3.Controllers.ValuesController|Public Method : SignIn 
2018-06-26 13:12:29.2830||INFO|BookingApp3.Controllers.ValuesController|Public Method : SignIn 
2018-06-26 13:12:29.2830||INFO|BookingApp3.Controllers.ValuesController|Public Method : SignOut 
2018-06-26 13:12:29.3008||INFO|BookingApp3.Controllers.ValuesController|Public Method : SignOut 
2018-06-26 13:12:29.3008||INFO|BookingApp3.Controllers.ValuesController|Public Method : TryUpdateModelAsync 
2018-06-26 13:12:29.3176||INFO|BookingApp3.Controllers.ValuesController|Public Method : TryUpdateModelAsync 
2018-06-26 13:12:29.3314||INFO|BookingApp3.Controllers.ValuesController|Public Method : TryUpdateModelAsync 
2018-06-26 13:12:29.3472||INFO|BookingApp3.Controllers.ValuesController|Public Method : TryUpdateModelAsync 
2018-06-26 13:12:29.3472||INFO|BookingApp3.Controllers.ValuesController|Public Method : TryUpdateModelAsync 
2018-06-26 13:12:29.3672||INFO|BookingApp3.Controllers.ValuesController|Public Method : TryUpdateModelAsync 
2018-06-26 13:12:29.3730||INFO|BookingApp3.Controllers.ValuesController|Public Method : TryUpdateModelAsync 
2018-06-26 13:12:29.3730||INFO|BookingApp3.Controllers.ValuesController|Public Method : TryUpdateModelAsync 
2018-06-26 13:12:29.3937||INFO|BookingApp3.Controllers.ValuesController|Public Method : TryUpdateModelAsync 
2018-06-26 13:12:29.3937||INFO|BookingApp3.Controllers.ValuesController|Public Method : TryValidateModel 
2018-06-26 13:12:29.4080||INFO|BookingApp3.Controllers.ValuesController|Public Method : TryValidateModel 
2018-06-26 13:12:29.4184||INFO|BookingApp3.Controllers.ValuesController|Public Method : ToString 
2018-06-26 13:12:29.4184||INFO|BookingApp3.Controllers.ValuesController|Public Method : Equals 
2018-06-26 13:12:29.4339||INFO|BookingApp3.Controllers.ValuesController|Public Method : GetHashCode 
2018-06-26 13:12:29.4339||INFO|BookingApp3.Controllers.ValuesController|Public Method : GetType 
2018-06-26 13:12:29.4497||INFO|BookingApp3.Controllers.ValuesController|Public Class : ValuesController 
2018-06-26 13:12:29.4497||INFO|BookingApp3.Controllers.ValuesController|Public Method : set_ViewData 
2018-06-26 13:12:29.4647||INFO|BookingApp3.Controllers.ValuesController|Public Method : get_ViewData 
2018-06-26 13:12:29.4647||INFO|BookingApp3.Controllers.ValuesController|Public Method : get_TempData 
2018-06-26 13:12:29.4647||INFO|BookingApp3.Controllers.ValuesController|Public Method : set_TempData 
2018-06-26 13:12:29.4850||INFO|BookingApp3.Controllers.ValuesController|Public Method : get_ViewBag 
2018-06-26 13:12:29.4850||INFO|BookingApp3.Controllers.ValuesController|Public Method : get_HttpContext 
2018-06-26 13:12:29.4850||INFO|BookingApp3.Controllers.ValuesController|Public Method : get_Request 
2018-06-26 13:12:29.5048||INFO|BookingApp3.Controllers.ValuesController|Public Method : get_Response 
2018-06-26 13:12:29.5134||INFO|BookingApp3.Controllers.ValuesController|Public Method : get_RouteData 
2018-06-26 13:12:29.5134||INFO|BookingApp3.Controllers.ValuesController|Public Method : get_ModelState 
2018-06-26 13:12:29.5355||INFO|BookingApp3.Controllers.ValuesController|Public Method : get_ControllerContext 
2018-06-26 13:12:29.5561||INFO|BookingApp3.Controllers.ValuesController|Public Method : set_ControllerContext 
2018-06-26 13:12:29.5639||INFO|BookingApp3.Controllers.ValuesController|Public Method : get_MetadataProvider 
2018-06-26 13:12:29.5639||INFO|BookingApp3.Controllers.ValuesController|Public Method : set_MetadataProvider 
2018-06-26 13:12:29.5790||INFO|BookingApp3.Controllers.ValuesController|Public Method : get_ModelBinderFactory 
2018-06-26 13:12:29.5790||INFO|BookingApp3.Controllers.ValuesController|Public Method : set_ModelBinderFactory 
2018-06-26 13:12:29.5931||INFO|BookingApp3.Controllers.ValuesController|Public Method : get_Url 
2018-06-26 13:12:29.5931||INFO|BookingApp3.Controllers.ValuesController|Public Method : set_Url 
2018-06-26 13:12:29.5931||INFO|BookingApp3.Controllers.ValuesController|Public Method : get_ObjectValidator 
2018-06-26 13:12:29.6146||INFO|BookingApp3.Controllers.ValuesController|Public Method : set_ObjectValidator 
2018-06-26 13:12:29.6225||INFO|BookingApp3.Controllers.ValuesController|Public Method : get_User 
2018-06-26 13:12:29.6225||INFO|BookingApp3.Controllers.ValuesController|Public Method : Get 
2018-06-26 13:12:29.6408||INFO|BookingApp3.Controllers.ValuesController|Public Method : Get 
2018-06-26 13:12:29.6408||INFO|BookingApp3.Controllers.ValuesController|Public Method : Post 
2018-06-26 13:12:29.6540||INFO|BookingApp3.Controllers.ValuesController|Public Method : Put 
2018-06-26 13:12:29.6540||INFO|BookingApp3.Controllers.ValuesController|Public Method : Delete 
2018-06-26 13:12:29.6740||INFO|BookingApp3.Controllers.ValuesController|Public Method : View 
2018-06-26 13:12:29.7915||INFO|BookingApp3.Controllers.ValuesController|Public Method : View 
2018-06-26 13:12:29.8069||INFO|BookingApp3.Controllers.ValuesController|Public Method : View 
2018-06-26 13:12:29.8209||INFO|BookingApp3.Controllers.ValuesController|Public Method : View 
2018-06-26 13:12:29.8311||INFO|BookingApp3.Controllers.ValuesController|Public Method : PartialView 
2018-06-26 13:12:29.8311||INFO|BookingApp3.Controllers.ValuesController|Public Method : PartialView 
2018-06-26 13:12:29.8452||INFO|BookingApp3.Controllers.ValuesController|Public Method : PartialView 
2018-06-26 13:12:29.8452||INFO|BookingApp3.Controllers.ValuesController|Public Method : PartialView 
2018-06-26 13:12:29.8588||INFO|BookingApp3.Controllers.ValuesController|Public Method : ViewComponent 
2018-06-26 13:12:29.8588||INFO|BookingApp3.Controllers.ValuesController|Public Method : ViewComponent 
2018-06-26 13:12:29.8714||INFO|BookingApp3.Controllers.ValuesController|Public Method : ViewComponent 
2018-06-26 13:12:29.8714||INFO|BookingApp3.Controllers.ValuesController|Public Method : ViewComponent 
2018-06-26 13:12:29.8714||INFO|BookingApp3.Controllers.ValuesController|Public Method : Json 
2018-06-26 13:12:29.8888||INFO|BookingApp3.Controllers.ValuesController|Public Method : Json 
2018-06-26 13:12:29.8888||INFO|BookingApp3.Controllers.ValuesController|Public Method : OnActionExecuting 
2018-06-26 13:12:29.9039||INFO|BookingApp3.Controllers.ValuesController|Public Method : OnActionExecuted 
2018-06-26 13:12:29.9039||INFO|BookingApp3.Controllers.ValuesController|Public Method : OnActionExecutionAsync 
2018-06-26 13:12:29.9191||INFO|BookingApp3.Controllers.ValuesController|Public Method : Dispose 
2018-06-26 13:12:29.9191||INFO|BookingApp3.Controllers.ValuesController|Public Method : StatusCode 
2018-06-26 13:12:29.9191||INFO|BookingApp3.Controllers.ValuesController|Public Method : StatusCode 
2018-06-26 13:12:29.9376||INFO|BookingApp3.Controllers.ValuesController|Public Method : Content 
2018-06-26 13:12:29.9376||INFO|BookingApp3.Controllers.ValuesController|Public Method : Content 
2018-06-26 13:12:29.9505||INFO|BookingApp3.Controllers.ValuesController|Public Method : Content 
2018-06-26 13:12:29.9505||INFO|BookingApp3.Controllers.ValuesController|Public Method : Content 
2018-06-26 13:12:29.9505||INFO|BookingApp3.Controllers.ValuesController|Public Method : NoContent 
2018-06-26 13:12:29.9691||INFO|BookingApp3.Controllers.ValuesController|Public Method : Ok 
2018-06-26 13:12:29.9930||INFO|BookingApp3.Controllers.ValuesController|Public Method : Ok 
2018-06-26 13:12:30.0042||INFO|BookingApp3.Controllers.ValuesController|Public Method : Redirect 
2018-06-26 13:12:30.0179||INFO|BookingApp3.Controllers.ValuesController|Public Method : RedirectPermanent 
2018-06-26 13:12:30.0179||INFO|BookingApp3.Controllers.ValuesController|Public Method : RedirectPreserveMethod 
2018-06-26 13:12:30.0335||INFO|BookingApp3.Controllers.ValuesController|Public Method : RedirectPermanentPreserveMethod 
2018-06-26 13:12:30.0335||INFO|BookingApp3.Controllers.ValuesController|Public Method : LocalRedirect 
2018-06-26 13:12:30.0481||INFO|BookingApp3.Controllers.ValuesController|Public Method : LocalRedirectPermanent 
2018-06-26 13:12:30.0481||INFO|BookingApp3.Controllers.ValuesController|Public Method : LocalRedirectPreserveMethod 
2018-06-26 13:12:30.0625||INFO|BookingApp3.Controllers.ValuesController|Public Method : LocalRedirectPermanentPreserveMethod 
2018-06-26 13:12:30.0625||INFO|BookingApp3.Controllers.ValuesController|Public Method : RedirectToAction 
2018-06-26 13:12:30.0768||INFO|BookingApp3.Controllers.ValuesController|Public Method : RedirectToAction 
2018-06-26 13:12:30.0768||INFO|BookingApp3.Controllers.ValuesController|Public Method : RedirectToAction 
2018-06-26 13:12:30.0768||INFO|BookingApp3.Controllers.ValuesController|Public Method : RedirectToAction 
2018-06-26 13:12:30.0952||INFO|BookingApp3.Controllers.ValuesController|Public Method : RedirectToAction 
2018-06-26 13:12:30.0952||INFO|BookingApp3.Controllers.ValuesController|Public Method : RedirectToAction 
2018-06-26 13:12:30.0952||INFO|BookingApp3.Controllers.ValuesController|Public Method : RedirectToActionPreserveMethod 
2018-06-26 13:12:30.1122||INFO|BookingApp3.Controllers.ValuesController|Public Method : RedirectToActionPermanent 
2018-06-26 13:12:30.1122||INFO|BookingApp3.Controllers.ValuesController|Public Method : RedirectToActionPermanent 
2018-06-26 13:12:30.1222||INFO|BookingApp3.Controllers.ValuesController|Public Method : RedirectToActionPermanent 
2018-06-26 13:12:30.1222||INFO|BookingApp3.Controllers.ValuesController|Public Method : RedirectToActionPermanent 
2018-06-26 13:12:30.1378||INFO|BookingApp3.Controllers.ValuesController|Public Method : RedirectToActionPermanent 
2018-06-26 13:12:30.1378||INFO|BookingApp3.Controllers.ValuesController|Public Method : RedirectToActionPermanent 
2018-06-26 13:12:30.1378||INFO|BookingApp3.Controllers.ValuesController|Public Method : RedirectToActionPermanentPreserveMethod 
2018-06-26 13:12:30.1600||INFO|BookingApp3.Controllers.ValuesController|Public Method : RedirectToRoute 
2018-06-26 13:12:30.1705||INFO|BookingApp3.Controllers.ValuesController|Public Method : RedirectToRoute 
2018-06-26 13:12:30.1705||INFO|BookingApp3.Controllers.ValuesController|Public Method : RedirectToRoute 
2018-06-26 13:12:30.1870||INFO|BookingApp3.Controllers.ValuesController|Public Method : RedirectToRoute 
2018-06-26 13:12:30.1870||INFO|BookingApp3.Controllers.ValuesController|Public Method : RedirectToRoute 
2018-06-26 13:12:30.2099||INFO|BookingApp3.Controllers.ValuesController|Public Method : RedirectToRoutePreserveMethod 
2018-06-26 13:12:30.2181||INFO|BookingApp3.Controllers.ValuesController|Public Method : RedirectToRoutePermanent 
2018-06-26 13:12:30.2397||INFO|BookingApp3.Controllers.ValuesController|Public Method : RedirectToRoutePermanent 
2018-06-26 13:12:30.2680||INFO|BookingApp3.Controllers.ValuesController|Public Method : RedirectToRoutePermanent 
2018-06-26 13:12:30.2680||INFO|BookingApp3.Controllers.ValuesController|Public Method : RedirectToRoutePermanent 
2018-06-26 13:12:30.3055||INFO|BookingApp3.Controllers.ValuesController|Public Method : RedirectToRoutePermanent 
2018-06-26 13:12:30.3209||INFO|BookingApp3.Controllers.ValuesController|Public Method : RedirectToRoutePermanentPreserveMethod 
2018-06-26 13:12:30.3472||INFO|BookingApp3.Controllers.ValuesController|Public Method : RedirectToPage 
2018-06-26 13:12:30.3614||INFO|BookingApp3.Controllers.ValuesController|Public Method : RedirectToPage 
2018-06-26 13:12:30.3716||INFO|BookingApp3.Controllers.ValuesController|Public Method : RedirectToPage 
2018-06-26 13:12:30.3716||INFO|BookingApp3.Controllers.ValuesController|Public Method : RedirectToPage 
2018-06-26 13:12:30.3960||INFO|BookingApp3.Controllers.ValuesController|Public Method : RedirectToPage 
2018-06-26 13:12:30.4071||INFO|BookingApp3.Controllers.ValuesController|Public Method : RedirectToPage 
2018-06-26 13:12:30.4071||INFO|BookingApp3.Controllers.ValuesController|Public Method : RedirectToPagePermanent 
2018-06-26 13:12:30.4236||INFO|BookingApp3.Controllers.ValuesController|Public Method : RedirectToPagePermanent 
2018-06-26 13:12:30.4236||INFO|BookingApp3.Controllers.ValuesController|Public Method : RedirectToPagePermanent 
2018-06-26 13:12:30.4414||INFO|BookingApp3.Controllers.ValuesController|Public Method : RedirectToPagePermanent 
2018-06-26 13:12:30.4487||INFO|BookingApp3.Controllers.ValuesController|Public Method : RedirectToPagePermanent 
2018-06-26 13:12:30.4487||INFO|BookingApp3.Controllers.ValuesController|Public Method : RedirectToPagePreserveMethod 
2018-06-26 13:12:30.4487||INFO|BookingApp3.Controllers.ValuesController|Public Method : RedirectToPagePermanentPreserveMethod 
2018-06-26 13:12:30.4807||INFO|BookingApp3.Controllers.ValuesController|Public Method : File 
2018-06-26 13:12:30.4807||INFO|BookingApp3.Controllers.ValuesController|Public Method : File 
2018-06-26 13:12:30.5007||INFO|BookingApp3.Controllers.ValuesController|Public Method : File 
2018-06-26 13:12:30.5007||INFO|BookingApp3.Controllers.ValuesController|Public Method : File 
2018-06-26 13:12:30.5151||INFO|BookingApp3.Controllers.ValuesController|Public Method : File 
2018-06-26 13:12:30.5151||INFO|BookingApp3.Controllers.ValuesController|Public Method : File 
2018-06-26 13:12:30.5295||INFO|BookingApp3.Controllers.ValuesController|Public Method : File 
2018-06-26 13:12:30.5295||INFO|BookingApp3.Controllers.ValuesController|Public Method : File 
2018-06-26 13:12:30.5295||INFO|BookingApp3.Controllers.ValuesController|Public Method : File 
2018-06-26 13:12:30.5490||INFO|BookingApp3.Controllers.ValuesController|Public Method : File 
2018-06-26 13:12:30.5490||INFO|BookingApp3.Controllers.ValuesController|Public Method : File 
2018-06-26 13:12:30.5632||INFO|BookingApp3.Controllers.ValuesController|Public Method : File 
2018-06-26 13:12:30.5632||INFO|BookingApp3.Controllers.ValuesController|Public Method : PhysicalFile 
2018-06-26 13:12:30.5755||INFO|BookingApp3.Controllers.ValuesController|Public Method : PhysicalFile 
2018-06-26 13:12:30.5755||INFO|BookingApp3.Controllers.ValuesController|Public Method : PhysicalFile 
2018-06-26 13:12:30.5755||INFO|BookingApp3.Controllers.ValuesController|Public Method : PhysicalFile 
2018-06-26 13:12:30.5947||INFO|BookingApp3.Controllers.ValuesController|Public Method : Unauthorized 
2018-06-26 13:12:30.5947||INFO|BookingApp3.Controllers.ValuesController|Public Method : NotFound 
2018-06-26 13:12:30.5947||INFO|BookingApp3.Controllers.ValuesController|Public Method : NotFound 
2018-06-26 13:12:30.6117||INFO|BookingApp3.Controllers.ValuesController|Public Method : BadRequest 
2018-06-26 13:12:30.6117||INFO|BookingApp3.Controllers.ValuesController|Public Method : BadRequest 
2018-06-26 13:12:30.6243||INFO|BookingApp3.Controllers.ValuesController|Public Method : BadRequest 
2018-06-26 13:12:30.6243||INFO|BookingApp3.Controllers.ValuesController|Public Method : Created 
2018-06-26 13:12:30.6382||INFO|BookingApp3.Controllers.ValuesController|Public Method : Created 
2018-06-26 13:12:30.6382||INFO|BookingApp3.Controllers.ValuesController|Public Method : CreatedAtAction 
2018-06-26 13:12:30.6630||INFO|BookingApp3.Controllers.ValuesController|Public Method : CreatedAtAction 
2018-06-26 13:12:30.6705||INFO|BookingApp3.Controllers.ValuesController|Public Method : CreatedAtAction 
2018-06-26 13:12:30.6705||INFO|BookingApp3.Controllers.ValuesController|Public Method : CreatedAtRoute 
2018-06-26 13:12:30.6930||INFO|BookingApp3.Controllers.ValuesController|Public Method : CreatedAtRoute 
2018-06-26 13:12:30.7023||INFO|BookingApp3.Controllers.ValuesController|Public Method : CreatedAtRoute 
2018-06-26 13:12:30.7023||INFO|BookingApp3.Controllers.ValuesController|Public Method : Accepted 
2018-06-26 13:12:30.7023||INFO|BookingApp3.Controllers.ValuesController|Public Method : Accepted 
2018-06-26 13:12:30.7210||INFO|BookingApp3.Controllers.ValuesController|Public Method : Accepted 
2018-06-26 13:12:30.7210||INFO|BookingApp3.Controllers.ValuesController|Public Method : Accepted 
2018-06-26 13:12:30.7381||INFO|BookingApp3.Controllers.ValuesController|Public Method : Accepted 
2018-06-26 13:12:30.7381||INFO|BookingApp3.Controllers.ValuesController|Public Method : Accepted 
2018-06-26 13:12:30.7541||INFO|BookingApp3.Controllers.ValuesController|Public Method : AcceptedAtAction 
2018-06-26 13:12:30.7651||INFO|BookingApp3.Controllers.ValuesController|Public Method : AcceptedAtAction 
2018-06-26 13:12:30.7651||INFO|BookingApp3.Controllers.ValuesController|Public Method : AcceptedAtAction 
2018-06-26 13:12:30.7834||INFO|BookingApp3.Controllers.ValuesController|Public Method : AcceptedAtAction 
2018-06-26 13:12:30.7834||INFO|BookingApp3.Controllers.ValuesController|Public Method : AcceptedAtAction 
2018-06-26 13:12:30.8041||INFO|BookingApp3.Controllers.ValuesController|Public Method : AcceptedAtAction 
2018-06-26 13:12:30.8350||INFO|BookingApp3.Controllers.ValuesController|Public Method : AcceptedAtRoute 
2018-06-26 13:12:30.8451||INFO|BookingApp3.Controllers.ValuesController|Public Method : AcceptedAtRoute 
2018-06-26 13:12:30.8451||INFO|BookingApp3.Controllers.ValuesController|Public Method : AcceptedAtRoute 
2018-06-26 13:12:30.8652||INFO|BookingApp3.Controllers.ValuesController|Public Method : AcceptedAtRoute 
2018-06-26 13:12:30.8839||INFO|BookingApp3.Controllers.ValuesController|Public Method : AcceptedAtRoute 
2018-06-26 13:12:30.8989||INFO|BookingApp3.Controllers.ValuesController|Public Method : Challenge 
2018-06-26 13:12:30.9107||INFO|BookingApp3.Controllers.ValuesController|Public Method : Challenge 
2018-06-26 13:12:30.9184||INFO|BookingApp3.Controllers.ValuesController|Public Method : Challenge 
2018-06-26 13:12:30.9561||INFO|BookingApp3.Controllers.ValuesController|Public Method : Challenge 
2018-06-26 13:12:30.9775||INFO|BookingApp3.Controllers.ValuesController|Public Method : Forbid 
2018-06-26 13:12:30.9885||INFO|BookingApp3.Controllers.ValuesController|Public Method : Forbid 
2018-06-26 13:12:31.0053||INFO|BookingApp3.Controllers.ValuesController|Public Method : Forbid 
2018-06-26 13:12:31.0138||INFO|BookingApp3.Controllers.ValuesController|Public Method : Forbid 
2018-06-26 13:12:31.0138||INFO|BookingApp3.Controllers.ValuesController|Public Method : SignIn 
2018-06-26 13:12:31.0394||INFO|BookingApp3.Controllers.ValuesController|Public Method : SignIn 
2018-06-26 13:12:31.0476||INFO|BookingApp3.Controllers.ValuesController|Public Method : SignOut 
2018-06-26 13:12:31.0476||INFO|BookingApp3.Controllers.ValuesController|Public Method : SignOut 
2018-06-26 13:12:31.0697||INFO|BookingApp3.Controllers.ValuesController|Public Method : TryUpdateModelAsync 
2018-06-26 13:12:31.0851||INFO|BookingApp3.Controllers.ValuesController|Public Method : TryUpdateModelAsync 
2018-06-26 13:12:31.1034||INFO|BookingApp3.Controllers.ValuesController|Public Method : TryUpdateModelAsync 
2018-06-26 13:12:31.1152||INFO|BookingApp3.Controllers.ValuesController|Public Method : TryUpdateModelAsync 
2018-06-26 13:12:31.1274||INFO|BookingApp3.Controllers.ValuesController|Public Method : TryUpdateModelAsync 
2018-06-26 13:12:31.1373||INFO|BookingApp3.Controllers.ValuesController|Public Method : TryUpdateModelAsync 
2018-06-26 13:12:31.1373||INFO|BookingApp3.Controllers.ValuesController|Public Method : TryUpdateModelAsync 
2018-06-26 13:12:31.1537||INFO|BookingApp3.Controllers.ValuesController|Public Method : TryUpdateModelAsync 
2018-06-26 13:12:31.1537||INFO|BookingApp3.Controllers.ValuesController|Public Method : TryUpdateModelAsync 
2018-06-26 13:12:31.1712||INFO|BookingApp3.Controllers.ValuesController|Public Method : TryValidateModel 
2018-06-26 13:12:31.1712||INFO|BookingApp3.Controllers.ValuesController|Public Method : TryValidateModel 
2018-06-26 13:12:31.1869||INFO|BookingApp3.Controllers.ValuesController|Public Method : ToString 
2018-06-26 13:12:31.1869||INFO|BookingApp3.Controllers.ValuesController|Public Method : Equals 
2018-06-26 13:12:31.2026||INFO|BookingApp3.Controllers.ValuesController|Public Method : GetHashCode 
2018-06-26 13:12:31.2026||INFO|BookingApp3.Controllers.ValuesController|Public Method : GetType 
2018-06-26 13:12:31.2175||INFO|BookingApp3.Controllers.ValuesController|Abstract Class : IJwtFactory 
2018-06-26 13:12:31.2175||INFO|BookingApp3.Controllers.ValuesController|Public Method : GenerateEncodedToken 
2018-06-26 13:12:31.2359||INFO|BookingApp3.Controllers.ValuesController|Public Method : GenerateClaimsIdentity 
2018-06-26 13:12:31.2359||INFO|BookingApp3.Controllers.ValuesController|Public Method : GenerateClaimsIdentity 
2018-06-26 13:12:31.2523||INFO|BookingApp3.Controllers.ValuesController|Public Class : JwtFactory 
2018-06-26 13:12:31.2620||INFO|BookingApp3.Controllers.ValuesController|Public Method : GenerateEncodedToken 
2018-06-26 13:12:31.2620||INFO|BookingApp3.Controllers.ValuesController|Public Method : GenerateClaimsIdentity 
2018-06-26 13:12:31.2784||INFO|BookingApp3.Controllers.ValuesController|Public Method : GenerateClaimsIdentity 
2018-06-26 13:12:31.2784||INFO|BookingApp3.Controllers.ValuesController|Public Method : ToString 
2018-06-26 13:12:31.2784||INFO|BookingApp3.Controllers.ValuesController|Public Method : Equals 
2018-06-26 13:12:31.3035||INFO|BookingApp3.Controllers.ValuesController|Public Method : GetHashCode 
2018-06-26 13:12:31.3186||INFO|BookingApp3.Controllers.ValuesController|Public Method : GetType 
2018-06-26 13:12:31.3338||INFO|BookingApp3.Controllers.ValuesController|Sealed Class : <>c 
2018-06-26 13:12:31.3441||INFO|BookingApp3.Controllers.ValuesController|Non-Public Method : ToString 
2018-06-26 13:12:31.3441||INFO|BookingApp3.Controllers.ValuesController|Non-Public Method : Equals 
2018-06-26 13:12:31.3588||INFO|BookingApp3.Controllers.ValuesController|Non-Public Method : GetHashCode 
2018-06-26 13:12:31.3588||INFO|BookingApp3.Controllers.ValuesController|Non-Public Method : GetType 
2018-06-26 13:12:31.3732||INFO|BookingApp3.Controllers.ValuesController|Sealed Class : <>c__DisplayClass6_0 
2018-06-26 13:12:31.3732||INFO|BookingApp3.Controllers.ValuesController|Non-Public Method : ToString 
2018-06-26 13:12:31.3955||INFO|BookingApp3.Controllers.ValuesController|Non-Public Method : Equals 
2018-06-26 13:12:31.4022||INFO|BookingApp3.Controllers.ValuesController|Non-Public Method : GetHashCode 
2018-06-26 13:12:31.4022||INFO|BookingApp3.Controllers.ValuesController|Non-Public Method : GetType 
2018-06-26 13:12:31.4227||INFO|BookingApp3.Controllers.ValuesController|Sealed Class : <>c 
2018-06-26 13:12:31.4401||INFO|BookingApp3.Controllers.ValuesController|Non-Public Method : ToString 
2018-06-26 13:12:31.4517||INFO|BookingApp3.Controllers.ValuesController|Non-Public Method : Equals 
2018-06-26 13:12:31.4517||INFO|BookingApp3.Controllers.ValuesController|Non-Public Method : GetHashCode 
2018-06-26 13:12:31.4826||INFO|BookingApp3.Controllers.ValuesController|Non-Public Method : GetType 
2018-06-26 13:12:31.5022||INFO|BookingApp3.Controllers.ValuesController|Sealed Class : <>c 
2018-06-26 13:12:31.5022||INFO|BookingApp3.Controllers.ValuesController|Non-Public Method : ToString 
2018-06-26 13:12:31.5494||INFO|BookingApp3.Controllers.ValuesController|Non-Public Method : Equals 
2018-06-26 13:12:31.5646||INFO|BookingApp3.Controllers.ValuesController|Non-Public Method : GetHashCode 
2018-06-26 13:12:31.5646||INFO|BookingApp3.Controllers.ValuesController|Non-Public Method : GetType 
2018-06-26 13:12:31.5804||INFO|BookingApp3.Controllers.ValuesController|Sealed Class : <>c 
2018-06-26 13:12:31.5902||INFO|BookingApp3.Controllers.ValuesController|Non-Public Method : ToString 
2018-06-26 13:12:31.5902||INFO|BookingApp3.Controllers.ValuesController|Non-Public Method : Equals 
2018-06-26 13:12:31.5902||INFO|BookingApp3.Controllers.ValuesController|Non-Public Method : GetHashCode 
2018-06-26 13:12:31.6104||INFO|BookingApp3.Controllers.ValuesController|Non-Public Method : GetType 
2018-06-26 13:12:31.6104||INFO|BookingApp3.Controllers.ValuesController|Abstract Class : Strings 
2018-06-26 13:12:31.6236||INFO|BookingApp3.Controllers.ValuesController|Non-Public Method : ToString 
2018-06-26 13:12:31.6236||INFO|BookingApp3.Controllers.ValuesController|Non-Public Method : Equals 
2018-06-26 13:12:31.6236||INFO|BookingApp3.Controllers.ValuesController|Non-Public Method : GetHashCode 
2018-06-26 13:12:31.6420||INFO|BookingApp3.Controllers.ValuesController|Non-Public Method : GetType 
2018-06-26 13:12:31.6420||INFO|BookingApp3.Controllers.ValuesController|Sealed Class : <>c 
2018-06-26 13:12:31.6552||INFO|BookingApp3.Controllers.ValuesController|Non-Public Method : ToString 
2018-06-26 13:12:31.6552||INFO|BookingApp3.Controllers.ValuesController|Non-Public Method : Equals 
2018-06-26 13:12:31.6703||INFO|BookingApp3.Controllers.ValuesController|Non-Public Method : GetHashCode 
2018-06-26 13:12:31.6703||INFO|BookingApp3.Controllers.ValuesController|Non-Public Method : GetType 
2018-06-26 13:12:31.6845||INFO|BookingApp3.Controllers.ValuesController|Sealed Class : <GenerateJwt>d__0 
2018-06-26 13:12:31.6845||INFO|BookingApp3.Controllers.ValuesController|Non-Public Method : ToString 
2018-06-26 13:12:31.6996||INFO|BookingApp3.Controllers.ValuesController|Non-Public Method : Equals 
2018-06-26 13:12:31.6996||INFO|BookingApp3.Controllers.ValuesController|Non-Public Method : GetHashCode 
2018-06-26 13:12:31.6996||INFO|BookingApp3.Controllers.ValuesController|Non-Public Method : GetType 
2018-06-26 13:12:31.7210||INFO|BookingApp3.Controllers.ValuesController|Sealed Class : <Post>d__6 
2018-06-26 13:12:31.7314||INFO|BookingApp3.Controllers.ValuesController|Non-Public Method : ToString 
2018-06-26 13:12:31.7314||INFO|BookingApp3.Controllers.ValuesController|Non-Public Method : Equals 
2018-06-26 13:12:31.7545||INFO|BookingApp3.Controllers.ValuesController|Non-Public Method : GetHashCode 
2018-06-26 13:12:31.7710||INFO|BookingApp3.Controllers.ValuesController|Non-Public Method : GetType 
2018-06-26 13:12:31.7843||INFO|BookingApp3.Controllers.ValuesController|Sealed Class : <>c__DisplayClass7_0 
2018-06-26 13:12:31.7935||INFO|BookingApp3.Controllers.ValuesController|Non-Public Method : ToString 
2018-06-26 13:12:31.7935||INFO|BookingApp3.Controllers.ValuesController|Non-Public Method : Equals 
2018-06-26 13:12:31.8154||INFO|BookingApp3.Controllers.ValuesController|Non-Public Method : GetHashCode 
2018-06-26 13:12:31.8154||INFO|BookingApp3.Controllers.ValuesController|Non-Public Method : GetType 
2018-06-26 13:12:31.8296||INFO|BookingApp3.Controllers.ValuesController|Sealed Class : <GetClaimsIdentity>d__7 
2018-06-26 13:12:31.8296||INFO|BookingApp3.Controllers.ValuesController|Non-Public Method : ToString 
2018-06-26 13:12:31.8452||INFO|BookingApp3.Controllers.ValuesController|Non-Public Method : Equals 
2018-06-26 13:12:31.8452||INFO|BookingApp3.Controllers.ValuesController|Non-Public Method : GetHashCode 
2018-06-26 13:12:31.8579||INFO|BookingApp3.Controllers.ValuesController|Non-Public Method : GetType 
2018-06-26 13:12:31.8579||INFO|BookingApp3.Controllers.ValuesController|Sealed Class : <Post>d__5 
2018-06-26 13:12:31.8727||INFO|BookingApp3.Controllers.ValuesController|Non-Public Method : ToString 
2018-06-26 13:12:31.9513||INFO|BookingApp3.Controllers.ValuesController|Non-Public Method : Equals 
2018-06-26 13:12:31.9688||INFO|BookingApp3.Controllers.ValuesController|Non-Public Method : GetHashCode 
2018-06-26 13:12:31.9996||INFO|BookingApp3.Controllers.ValuesController|Non-Public Method : GetType 
2018-06-26 13:12:31.9996||INFO|BookingApp3.Controllers.ValuesController|Sealed Class : <GenerateEncodedToken>d__2 
2018-06-26 13:12:32.0686||INFO|BookingApp3.Controllers.ValuesController|Non-Public Method : ToString 
2018-06-26 13:12:32.0906||INFO|BookingApp3.Controllers.ValuesController|Non-Public Method : Equals 
2018-06-26 13:12:32.1123||INFO|BookingApp3.Controllers.ValuesController|Non-Public Method : GetHashCode 
2018-06-26 13:12:32.1123||INFO|BookingApp3.Controllers.ValuesController|Non-Public Method : GetType 
2018-06-26 13:12:32.1389||INFO|BookingApp3.Controllers.ValuesController|Abstract Class : JwtClaimIdentifiers 
2018-06-26 13:12:32.1641||INFO|BookingApp3.Controllers.ValuesController|Non-Public Method : ToString 
2018-06-26 13:12:32.1713||INFO|BookingApp3.Controllers.ValuesController|Non-Public Method : Equals 
2018-06-26 13:12:32.1713||INFO|BookingApp3.Controllers.ValuesController|Non-Public Method : GetHashCode 
2018-06-26 13:12:32.1975||INFO|BookingApp3.Controllers.ValuesController|Non-Public Method : GetType 
2018-06-26 13:12:32.2158||INFO|BookingApp3.Controllers.ValuesController|Abstract Class : JwtClaims 
2018-06-26 13:12:32.2158||INFO|BookingApp3.Controllers.ValuesController|Non-Public Method : ToString 
2018-06-26 13:12:32.2353||INFO|BookingApp3.Controllers.ValuesController|Non-Public Method : Equals 
2018-06-26 13:12:32.2353||INFO|BookingApp3.Controllers.ValuesController|Non-Public Method : GetHashCode 
2018-06-26 13:12:32.2534||INFO|BookingApp3.Controllers.ValuesController|Non-Public Method : GetType 
2018-06-26 13:12:32.2728|1|INFO|Microsoft.AspNetCore.Mvc.Internal.ObjectResultExecutor|Executing ObjectResult, writing value Microsoft.AspNetCore.Mvc.ControllerContext. 
2018-06-26 13:12:32.3950|2|INFO|Microsoft.AspNetCore.Mvc.Internal.ControllerActionInvoker|Executed action BookingApp3.Controllers.ValuesController.Get (BookingApp3) in 7529.5112ms 
2018-06-26 13:12:32.4075|2|INFO|Microsoft.AspNetCore.Hosting.Internal.WebHost|Request finished in 7936.9796ms 200 application/json; charset=utf-8 
2018-06-26 13:12:32.4867|1|INFO|Microsoft.AspNetCore.Hosting.Internal.WebHost|Request starting HTTP/1.1 GET http://localhost:57055/favicon.ico   
2018-06-26 13:12:32.5016|2|INFO|Microsoft.AspNetCore.Hosting.Internal.WebHost|Request finished in 14.9781ms 404  
